[2025-12-20 12:41:24] [32minfo[39m: User Router initialized
[2025-12-20 12:41:24] [32minfo[39m: Main Router initialized
[2025-12-20 12:41:24] [32minfo[39m: Server is running on port 5000
[2025-12-20 13:46:13] [32minfo[39m: User Router initialized
[2025-12-20 13:46:13] [32minfo[39m: Main Router initialized
[2025-12-20 13:46:13] [32minfo[39m: Server is running on port 5000
[2025-12-20 13:46:48] [32minfo[39m: User Router initialized
[2025-12-20 13:46:48] [32minfo[39m: Main Router initialized
[2025-12-20 13:46:48] [32minfo[39m: Server is running on port 5000
[2025-12-20 13:46:55] [32minfo[39m: User Router initialized
[2025-12-20 13:46:55] [32minfo[39m: Main Router initialized
[2025-12-20 13:46:55] [32minfo[39m: Server is running on port 5000
[2025-12-20 13:46:58] [32minfo[39m: User Router initialized
[2025-12-20 13:46:58] [32minfo[39m: Main Router initialized
[2025-12-20 13:46:58] [32minfo[39m: Server is running on port 5000
[2025-12-20 13:47:14] [32minfo[39m: User Router initialized
[2025-12-20 13:47:14] [32minfo[39m: Main Router initialized
[2025-12-20 13:47:14] [32minfo[39m: Server is running on port 5000
[2025-12-20 13:47:36] [32minfo[39m: User Router initialized
[2025-12-20 13:47:36] [32minfo[39m: Main Router initialized
[2025-12-20 13:47:36] [32minfo[39m: Server is running on port 5000
[2025-12-20 13:47:41] [32minfo[39m: User Router initialized
[2025-12-20 13:47:41] [32minfo[39m: Main Router initialized
[2025-12-20 13:47:41] [32minfo[39m: Server is running on port 5000
[2025-12-20 13:47:46] [32minfo[39m: User Router initialized
[2025-12-20 13:47:46] [32minfo[39m: Main Router initialized
[2025-12-20 13:47:46] [32minfo[39m: Server is running on port 5000
[2025-12-20 17:38:31] [32minfo[39m: User Router initialized
[2025-12-20 17:38:31] [32minfo[39m: Main Router initialized
[2025-12-20 17:38:31] [32minfo[39m: Server is running on port 5000
[2025-12-20 17:38:32] [32minfo[39m: User Router initialized
[2025-12-20 17:38:32] [32minfo[39m: Main Router initialized
[2025-12-20 17:38:32] [32minfo[39m: Server is running on port 5000
[2025-12-20 17:39:25] [32minfo[39m: User Router initialized
[2025-12-20 17:39:25] [32minfo[39m: Main Router initialized
[2025-12-20 17:39:25] [32minfo[39m: Server is running on port 5000
[2025-12-20 17:46:50] [32minfo[39m: User Router initialized
[2025-12-20 17:46:50] [32minfo[39m: Main Router initialized
[2025-12-20 17:46:50] [32minfo[39m: Server is running on port 5000
[2025-12-20 17:47:07] [32minfo[39m: User Router initialized
[2025-12-20 17:47:07] [32minfo[39m: Main Router initialized
[2025-12-20 17:47:07] [32minfo[39m: Server is running on port 5000
[2025-12-20 17:47:09] [32minfo[39m: User Router initialized
[2025-12-20 17:47:09] [32minfo[39m: Main Router initialized
[2025-12-20 17:47:09] [32minfo[39m: Server is running on port 5000
[2025-12-20 17:47:22] [32minfo[39m: User Router initialized
[2025-12-20 17:47:22] [32minfo[39m: Main Router initialized
[2025-12-20 17:47:22] [32minfo[39m: Server is running on port 5000
[2025-12-20 17:48:08] [32minfo[39m: User Router initialized
[2025-12-20 17:48:09] [32minfo[39m: Main Router initialized
[2025-12-20 17:48:09] [32minfo[39m: Server is running on port 5000
[2025-12-20 17:49:12] [32minfo[39m: User Router initialized
[2025-12-20 17:49:12] [32minfo[39m: Main Router initialized
[2025-12-20 17:49:12] [32minfo[39m: Server is running on port 5000
[2025-12-20 17:49:22] [32minfo[39m: User Router initialized
[2025-12-20 17:49:22] [32minfo[39m: Main Router initialized
[2025-12-20 17:49:22] [32minfo[39m: Server is running on port 5000
[2025-12-20 17:50:10] [32minfo[39m: User Router initialized
[2025-12-20 17:50:10] [32minfo[39m: Main Router initialized
[2025-12-20 17:50:10] [32minfo[39m: Server is running on port 5000
[2025-12-20 17:50:25] [32minfo[39m: User Router initialized
[2025-12-20 17:50:25] [32minfo[39m: Main Router initialized
[2025-12-20 17:50:25] [32minfo[39m: Server is running on port 5000
[2025-12-20 17:50:30] [32minfo[39m: User Router initialized
[2025-12-20 17:50:30] [32minfo[39m: Main Router initialized
[2025-12-20 17:50:30] [32minfo[39m: Server is running on port 5000
[2025-12-20 17:50:35] [32minfo[39m: User Router initialized
[2025-12-20 17:50:35] [32minfo[39m: Main Router initialized
[2025-12-20 17:50:35] [32minfo[39m: Server is running on port 5000
[2025-12-20 17:50:37] [32minfo[39m: User Router initialized
[2025-12-20 17:50:37] [32minfo[39m: Main Router initialized
[2025-12-20 17:50:37] [32minfo[39m: Server is running on port 5000
[2025-12-20 17:50:54] [32minfo[39m: User Router initialized
[2025-12-20 17:50:54] [32minfo[39m: Main Router initialized
[2025-12-20 17:50:54] [32minfo[39m: Server is running on port 5000
[2025-12-20 18:05:19] [32minfo[39m: User Router initialized
[2025-12-20 18:05:19] [32minfo[39m: Main Router initialized
[2025-12-20 18:05:19] [32minfo[39m: Server is running on port 5000
[2025-12-20 18:05:24] [32minfo[39m: User Router initialized
[2025-12-20 18:05:24] [32minfo[39m: Main Router initialized
[2025-12-20 18:05:24] [32minfo[39m: Server is running on port 5000
[2025-12-20 18:05:29] [32minfo[39m: User Router initialized
[2025-12-20 18:05:29] [32minfo[39m: Main Router initialized
[2025-12-20 18:05:29] [32minfo[39m: Server is running on port 5000
[2025-12-20 18:05:32] [32minfo[39m: User Router initialized
[2025-12-20 18:05:32] [32minfo[39m: Main Router initialized
[2025-12-20 18:05:32] [32minfo[39m: Server is running on port 5000
[2025-12-20 18:05:33] [32minfo[39m: User Router initialized
[2025-12-20 18:05:33] [32minfo[39m: Main Router initialized
[2025-12-20 18:05:33] [32minfo[39m: Server is running on port 5000
[2025-12-20 18:05:37] [32minfo[39m: User Router initialized
[2025-12-20 18:05:37] [32minfo[39m: Main Router initialized
[2025-12-20 18:05:37] [32minfo[39m: Server is running on port 5000
[2025-12-20 18:05:43] [32minfo[39m: User Router initialized
[2025-12-20 18:05:43] [32minfo[39m: Main Router initialized
[2025-12-20 18:05:43] [32minfo[39m: Server is running on port 5000
[2025-12-20 18:05:47] [32minfo[39m: User Router initialized
[2025-12-20 18:05:47] [32minfo[39m: Main Router initialized
[2025-12-20 18:05:47] [32minfo[39m: Server is running on port 5000
[2025-12-20 18:06:41] [32minfo[39m: User Router initialized
[2025-12-20 18:06:41] [32minfo[39m: Main Router initialized
[2025-12-20 18:06:41] [32minfo[39m: Server is running on port 5000
[2025-12-20 18:08:48] [32minfo[39m: User Router initialized
[2025-12-20 18:08:48] [32minfo[39m: Main Router initialized
[2025-12-20 18:08:48] [32minfo[39m: Server is running on port 5000
[2025-12-20 18:12:49] [32minfo[39m: User Router initialized
[2025-12-20 18:12:49] [32minfo[39m: Main Router initialized
[2025-12-20 18:12:49] [32minfo[39m: Server is running on port 5000
[2025-12-20 18:23:27] [32minfo[39m: User Router initialized
[2025-12-20 18:23:27] [32minfo[39m: Main Router initialized
[2025-12-20 18:23:27] [32minfo[39m: Server is running on port 5000
[2025-12-20 23:44:01] [32minfo[39m: User Router initialized
[2025-12-20 23:44:01] [32minfo[39m: Main Router initialized
[2025-12-20 23:44:01] [32minfo[39m: Server is running on port 5000
[2025-12-21 14:29:25] [32minfo[39m: User Router initialized
[2025-12-21 14:29:25] [32minfo[39m: Main Router initialized
[2025-12-21 14:29:25] [32minfo[39m: Server is running on port 5000
[2025-12-21 15:24:57] [32minfo[39m: User Router initialized
[2025-12-21 15:24:57] [32minfo[39m: Main Router initialized
[2025-12-21 15:24:57] [32minfo[39m: Server is running on port 5000
[2025-12-21 15:25:00] [32minfo[39m: User Router initialized
[2025-12-21 15:25:00] [32minfo[39m: Main Router initialized
[2025-12-21 15:25:00] [32minfo[39m: Server is running on port 5000
[2025-12-21 15:25:13] [32minfo[39m: User Router initialized
[2025-12-21 15:25:13] [32minfo[39m: Main Router initialized
[2025-12-21 15:25:13] [32minfo[39m: Server is running on port 5000
[2025-12-21 15:26:24] [32minfo[39m: User Router initialized
[2025-12-21 15:26:24] [32minfo[39m: Main Router initialized
[2025-12-21 15:26:24] [32minfo[39m: Server is running on port 5000
[2025-12-21 15:26:28] [32minfo[39m: User Router initialized
[2025-12-21 15:26:28] [32minfo[39m: Main Router initialized
[2025-12-21 15:26:28] [32minfo[39m: Server is running on port 5000
[2025-12-21 16:01:22] [32minfo[39m: User Router initialized
[2025-12-21 16:01:22] [32minfo[39m: Main Router initialized
[2025-12-21 16:01:22] [32minfo[39m: Server is running on port 5000
[2025-12-21 16:54:37] [32minfo[39m: User Router initialized
[2025-12-21 16:54:37] [32minfo[39m: Main Router initialized
[2025-12-21 16:54:37] [32minfo[39m: Server is running on port 5000
[2025-12-21 16:56:37] [32minfo[39m: User Router initialized
[2025-12-21 16:56:37] [32minfo[39m: Main Router initialized
[2025-12-21 16:56:37] [32minfo[39m: Server is running on port 5000
[2025-12-21 16:58:00] [32minfo[39m: User Router initialized
[2025-12-21 16:58:00] [32minfo[39m: Main Router initialized
[2025-12-21 16:58:00] [32minfo[39m: Server is running on port 5000
[2025-12-21 17:06:25] [32minfo[39m: User Router initialized
[2025-12-21 17:06:25] [32minfo[39m: Main Router initialized
[2025-12-21 17:06:25] [32minfo[39m: Server is running on port 5000
[2025-12-21 17:17:08] [32minfo[39m: User Router initialized
[2025-12-21 17:17:08] [32minfo[39m: Main Router initialized
[2025-12-21 17:17:08] [32minfo[39m: Server is running on port 5000
[2025-12-21 17:17:21] [32minfo[39m: User Router initialized
[2025-12-21 17:17:21] [32minfo[39m: Main Router initialized
[2025-12-21 17:17:21] [32minfo[39m: Server is running on port 5000
[2025-12-21 17:17:31] [32minfo[39m: User Router initialized
[2025-12-21 17:17:31] [32minfo[39m: Main Router initialized
[2025-12-21 17:17:31] [32minfo[39m: Server is running on port 5000
[2025-12-21 17:17:34] [32minfo[39m: User Router initialized
[2025-12-21 17:17:34] [32minfo[39m: Main Router initialized
[2025-12-21 17:17:34] [32minfo[39m: Server is running on port 5000
[2025-12-21 17:17:48] [32minfo[39m: User Router initialized
[2025-12-21 17:17:48] [32minfo[39m: Main Router initialized
[2025-12-21 17:17:48] [32minfo[39m: Server is running on port 5000
[2025-12-21 17:58:28] [32minfo[39m: User Router initialized
[2025-12-21 17:58:28] [32minfo[39m: Main Router initialized
[2025-12-21 17:58:28] [32minfo[39m: Server is running on port 5000
[2025-12-21 17:58:40] [32minfo[39m: User Router initialized
[2025-12-21 17:58:40] [32minfo[39m: Main Router initialized
[2025-12-21 17:58:40] [32minfo[39m: Server is running on port 5000
[2025-12-21 17:58:55] [32minfo[39m: User Router initialized
[2025-12-21 17:58:55] [32minfo[39m: Main Router initialized
[2025-12-21 17:58:55] [32minfo[39m: Server is running on port 5000
[2025-12-21 17:59:06] [32minfo[39m: User Router initialized
[2025-12-21 17:59:06] [32minfo[39m: Main Router initialized
[2025-12-21 17:59:06] [32minfo[39m: Server is running on port 5000
[2025-12-21 17:59:19] [32minfo[39m: User Router initialized
[2025-12-21 17:59:19] [32minfo[39m: Main Router initialized
[2025-12-21 17:59:19] [32minfo[39m: Server is running on port 5000
[2025-12-21 17:59:29] [32minfo[39m: User Router initialized
[2025-12-21 17:59:29] [32minfo[39m: Main Router initialized
[2025-12-21 17:59:29] [32minfo[39m: Server is running on port 5000
[2025-12-21 18:07:00] [32minfo[39m: User Router initialized
[2025-12-21 18:07:00] [32minfo[39m: Main Router initialized
[2025-12-21 18:07:00] [32minfo[39m: Server is running on port 5000
[2025-12-21 18:07:06] [32minfo[39m: User Router initialized
[2025-12-21 18:07:06] [32minfo[39m: Main Router initialized
[2025-12-21 18:07:06] [32minfo[39m: Server is running on port 5000
[2025-12-23 00:37:16] [32minfo[39m: User Router initialized
[2025-12-23 00:37:16] [32minfo[39m: Main Router initialized
[2025-12-23 00:37:16] [32minfo[39m: Server is running on port 5000
[2025-12-25 16:07:02] [32minfo[39m: User Router initialized
[2025-12-25 16:07:02] [32minfo[39m: Main Router initialized
[2025-12-25 16:07:02] [32minfo[39m: Server is running on port 5000
[2025-12-25 16:58:18] [32minfo[39m: User Router initialized
[2025-12-25 16:58:18] [32minfo[39m: Main Router initialized
[2025-12-25 16:58:18] [32minfo[39m: Server is running on port 5000
[2025-12-25 17:53:28] [32minfo[39m: User Router initialized
[2025-12-25 17:53:28] [32minfo[39m: Main Router initialized
[2025-12-25 17:53:28] [32minfo[39m: Server is running on port 5000
[2025-12-25 17:53:33] [32minfo[39m: User Router initialized
[2025-12-25 17:53:33] [32minfo[39m: Main Router initialized
[2025-12-25 17:53:33] [32minfo[39m: Server is running on port 5000
[2025-12-25 17:54:19] [32minfo[39m: User Router initialized
[2025-12-25 17:54:19] [32minfo[39m: Main Router initialized
[2025-12-25 17:54:19] [32minfo[39m: Server is running on port 5000
[2025-12-25 17:54:41] [32minfo[39m: User Router initialized
[2025-12-25 17:54:41] [32minfo[39m: Main Router initialized
[2025-12-25 17:54:41] [32minfo[39m: Server is running on port 5000
[2025-12-25 17:54:43] [32minfo[39m: User Router initialized
[2025-12-25 17:54:43] [32minfo[39m: Main Router initialized
[2025-12-25 17:54:43] [32minfo[39m: Server is running on port 5000
[2025-12-25 17:54:44] [32minfo[39m: User Router initialized
[2025-12-25 17:54:44] [32minfo[39m: Main Router initialized
[2025-12-25 17:54:44] [32minfo[39m: Server is running on port 5000
[2025-12-25 17:54:46] [32minfo[39m: User Router initialized
[2025-12-25 17:54:46] [32minfo[39m: Main Router initialized
[2025-12-25 17:54:46] [32minfo[39m: Server is running on port 5000
[2025-12-25 17:55:00] [32minfo[39m: User Router initialized
[2025-12-25 17:55:00] [32minfo[39m: Main Router initialized
[2025-12-25 17:55:00] [32minfo[39m: Server is running on port 5000
[2025-12-25 17:55:10] [32minfo[39m: User Router initialized
[2025-12-25 17:55:10] [32minfo[39m: Main Router initialized
[2025-12-25 17:55:10] [32minfo[39m: Server is running on port 5000
[2025-12-25 17:55:22] [32minfo[39m: User Router initialized
[2025-12-25 17:55:22] [32minfo[39m: Main Router initialized
[2025-12-25 17:55:22] [32minfo[39m: Server is running on port 5000
[2025-12-25 17:55:30] [32minfo[39m: User Router initialized
[2025-12-25 17:55:30] [32minfo[39m: Main Router initialized
[2025-12-25 17:55:30] [32minfo[39m: Server is running on port 5000
[2025-12-25 17:55:35] [32minfo[39m: User Router initialized
[2025-12-25 17:55:35] [32minfo[39m: Main Router initialized
[2025-12-25 17:55:35] [32minfo[39m: Server is running on port 5000
[2025-12-25 18:19:23] [32minfo[39m: User Router initialized
[2025-12-25 18:19:23] [32minfo[39m: Main Router initialized
[2025-12-25 18:19:23] [32minfo[39m: Server is running on port 5000
[2025-12-25 19:01:10] [32minfo[39m: User Router initialized
[2025-12-25 19:01:10] [32minfo[39m: Main Router initialized
[2025-12-25 19:01:10] [32minfo[39m: Server is running on port 5000
[2025-12-25 19:02:06] [32minfo[39m: User Router initialized
[2025-12-25 19:02:06] [32minfo[39m: Main Router initialized
[2025-12-25 19:02:06] [32minfo[39m: Server is running on port 5000
[2025-12-25 19:02:26] [32minfo[39m: User Router initialized
[2025-12-25 19:02:26] [32minfo[39m: Main Router initialized
[2025-12-25 19:02:26] [32minfo[39m: Server is running on port 5000
[2025-12-25 19:02:32] [32minfo[39m: User Router initialized
[2025-12-25 19:02:32] [32minfo[39m: Main Router initialized
[2025-12-25 19:02:32] [32minfo[39m: Server is running on port 5000
[2025-12-25 19:02:35] [32minfo[39m: User Router initialized
[2025-12-25 19:02:35] [32minfo[39m: Main Router initialized
[2025-12-25 19:02:35] [32minfo[39m: Server is running on port 5000
[2025-12-25 19:02:42] [32minfo[39m: User Router initialized
[2025-12-25 19:02:42] [32minfo[39m: Main Router initialized
[2025-12-25 19:02:42] [32minfo[39m: Server is running on port 5000
[2025-12-25 19:02:48] [32minfo[39m: User Router initialized
[2025-12-25 19:02:48] [32minfo[39m: Main Router initialized
[2025-12-25 19:02:48] [32minfo[39m: Server is running on port 5000
[2025-12-25 19:02:51] [32minfo[39m: User Router initialized
[2025-12-25 19:02:51] [32minfo[39m: Main Router initialized
[2025-12-25 19:02:51] [32minfo[39m: Server is running on port 5000
[2025-12-25 19:02:52] [32minfo[39m: User Router initialized
[2025-12-25 19:02:52] [32minfo[39m: Main Router initialized
[2025-12-25 19:02:52] [32minfo[39m: Server is running on port 5000
[2025-12-25 19:03:01] [32minfo[39m: User Router initialized
[2025-12-25 19:03:01] [32minfo[39m: Main Router initialized
[2025-12-25 19:03:01] [32minfo[39m: Server is running on port 5000
[2025-12-25 19:03:11] [32minfo[39m: User Router initialized
[2025-12-25 19:03:11] [32minfo[39m: Main Router initialized
[2025-12-25 19:03:11] [32minfo[39m: Server is running on port 5000
[2025-12-25 19:03:20] [32minfo[39m: User Router initialized
[2025-12-25 19:03:20] [32minfo[39m: Main Router initialized
[2025-12-25 19:03:20] [32minfo[39m: Server is running on port 5000
[2025-12-25 19:03:22] [32minfo[39m: User Router initialized
[2025-12-25 19:03:22] [32minfo[39m: Main Router initialized
[2025-12-25 19:03:22] [32minfo[39m: Server is running on port 5000
[2025-12-25 19:03:43] [32minfo[39m: User Router initialized
[2025-12-25 19:03:43] [32minfo[39m: Main Router initialized
[2025-12-25 19:03:43] [32minfo[39m: Server is running on port 5000
[2025-12-25 19:03:45] [32minfo[39m: User Router initialized
[2025-12-25 19:03:45] [32minfo[39m: Main Router initialized
[2025-12-25 19:03:45] [32minfo[39m: Server is running on port 5000
[2025-12-25 19:03:54] [32minfo[39m: User Router initialized
[2025-12-25 19:03:54] [32minfo[39m: Main Router initialized
[2025-12-25 19:03:54] [32minfo[39m: Server is running on port 5000
[2025-12-25 19:04:17] [32minfo[39m: User Router initialized
[2025-12-25 19:04:17] [32minfo[39m: Main Router initialized
[2025-12-25 19:04:17] [32minfo[39m: Server is running on port 5000
[2025-12-25 19:04:45] [32minfo[39m: User Router initialized
[2025-12-25 19:04:45] [32minfo[39m: Main Router initialized
[2025-12-25 19:04:45] [32minfo[39m: Server is running on port 5000
[2025-12-25 19:04:47] [32minfo[39m: User Router initialized
[2025-12-25 19:04:47] [32minfo[39m: Main Router initialized
[2025-12-25 19:04:47] [32minfo[39m: Server is running on port 5000
[2025-12-25 19:04:48] [32minfo[39m: User Router initialized
[2025-12-25 19:04:48] [32minfo[39m: Main Router initialized
[2025-12-25 19:04:48] [32minfo[39m: Server is running on port 5000
[2025-12-25 19:04:50] [32minfo[39m: User Router initialized
[2025-12-25 19:04:50] [32minfo[39m: Main Router initialized
[2025-12-25 19:04:50] [32minfo[39m: Server is running on port 5000
[2025-12-25 19:04:52] [32minfo[39m: User Router initialized
[2025-12-25 19:04:52] [32minfo[39m: Main Router initialized
[2025-12-25 19:04:52] [32minfo[39m: Server is running on port 5000
[2025-12-25 19:04:54] [32minfo[39m: User Router initialized
[2025-12-25 19:04:54] [32minfo[39m: Main Router initialized
[2025-12-25 19:04:54] [32minfo[39m: Server is running on port 5000
[2025-12-25 19:04:56] [32minfo[39m: User Router initialized
[2025-12-25 19:04:56] [32minfo[39m: Main Router initialized
[2025-12-25 19:04:56] [32minfo[39m: Server is running on port 5000
[2025-12-25 19:05:10] [32minfo[39m: User Router initialized
[2025-12-25 19:05:10] [32minfo[39m: Main Router initialized
[2025-12-25 19:05:10] [32minfo[39m: Server is running on port 5000
[2025-12-25 19:05:12] [32minfo[39m: User Router initialized
[2025-12-25 19:05:12] [32minfo[39m: Main Router initialized
[2025-12-25 19:05:12] [32minfo[39m: Server is running on port 5000
[2025-12-25 19:05:14] [32minfo[39m: User Router initialized
[2025-12-25 19:05:14] [32minfo[39m: Main Router initialized
[2025-12-25 19:05:14] [32minfo[39m: Server is running on port 5000
[2025-12-25 19:05:25] [32minfo[39m: User Router initialized
[2025-12-25 19:05:25] [32minfo[39m: Main Router initialized
[2025-12-25 19:05:25] [32minfo[39m: Server is running on port 5000
[2025-12-25 19:05:32] [32minfo[39m: User Router initialized
[2025-12-25 19:05:32] [32minfo[39m: Main Router initialized
[2025-12-25 19:05:32] [32minfo[39m: Server is running on port 5000
[2025-12-25 19:05:57] [32minfo[39m: User Router initialized
[2025-12-25 19:05:57] [32minfo[39m: Main Router initialized
[2025-12-25 19:05:57] [32minfo[39m: Server is running on port 5000
[2025-12-25 19:06:41] [32minfo[39m: User Router initialized
[2025-12-25 19:06:41] [32minfo[39m: Main Router initialized
[2025-12-25 19:06:41] [32minfo[39m: Server is running on port 5000
[2025-12-25 19:07:45] [32minfo[39m: User Router initialized
[2025-12-25 19:07:45] [32minfo[39m: Main Router initialized
[2025-12-25 19:07:45] [32minfo[39m: Server is running on port 5000
[2025-12-25 19:07:52] [32minfo[39m: User Router initialized
[2025-12-25 19:07:52] [32minfo[39m: Main Router initialized
[2025-12-25 19:07:52] [32minfo[39m: Server is running on port 5000
[2025-12-25 19:07:56] [32minfo[39m: User Router initialized
[2025-12-25 19:07:56] [32minfo[39m: Main Router initialized
[2025-12-25 19:07:56] [32minfo[39m: Server is running on port 5000
[2025-12-25 19:08:00] [32minfo[39m: User Router initialized
[2025-12-25 19:08:00] [32minfo[39m: Main Router initialized
[2025-12-25 19:08:00] [32minfo[39m: Server is running on port 5000
[2025-12-25 19:08:02] [32minfo[39m: User Router initialized
[2025-12-25 19:08:03] [32minfo[39m: Main Router initialized
[2025-12-25 19:08:03] [32minfo[39m: Server is running on port 5000
[2025-12-25 19:08:30] [32minfo[39m: User Router initialized
[2025-12-25 19:08:30] [32minfo[39m: Main Router initialized
[2025-12-25 19:08:30] [32minfo[39m: Server is running on port 5000
[2025-12-25 19:08:33] [32minfo[39m: User Router initialized
[2025-12-25 19:08:33] [32minfo[39m: Main Router initialized
[2025-12-25 19:08:33] [32minfo[39m: Server is running on port 5000
[2025-12-25 19:08:35] [32minfo[39m: User Router initialized
[2025-12-25 19:08:35] [32minfo[39m: Main Router initialized
[2025-12-25 19:08:35] [32minfo[39m: Server is running on port 5000
[2025-12-25 19:08:44] [32minfo[39m: User Router initialized
[2025-12-25 19:08:44] [32minfo[39m: Main Router initialized
[2025-12-25 19:08:44] [32minfo[39m: Server is running on port 5000
[2025-12-25 19:08:50] [32minfo[39m: User Router initialized
[2025-12-25 19:08:50] [32minfo[39m: Main Router initialized
[2025-12-25 19:08:50] [32minfo[39m: Server is running on port 5000
[2025-12-25 19:10:05] [32minfo[39m: User Router initialized
[2025-12-25 19:10:05] [32minfo[39m: Main Router initialized
[2025-12-25 19:10:05] [32minfo[39m: Server is running on port 5000
[2025-12-25 19:10:20] [32minfo[39m: User Router initialized
[2025-12-25 19:10:20] [32minfo[39m: Main Router initialized
[2025-12-25 19:10:20] [32minfo[39m: Server is running on port 5000
[2025-12-25 19:10:22] [32minfo[39m: User Router initialized
[2025-12-25 19:10:22] [32minfo[39m: Main Router initialized
[2025-12-25 19:10:22] [32minfo[39m: Server is running on port 5000
[2025-12-25 19:10:25] [32minfo[39m: User Router initialized
[2025-12-25 19:10:25] [32minfo[39m: Main Router initialized
[2025-12-25 19:10:25] [32minfo[39m: Server is running on port 5000
[2025-12-25 19:10:29] [32minfo[39m: User Router initialized
[2025-12-25 19:10:29] [32minfo[39m: Main Router initialized
[2025-12-25 19:10:29] [32minfo[39m: Server is running on port 5000
[2025-12-25 19:10:30] [32minfo[39m: User Router initialized
[2025-12-25 19:10:30] [32minfo[39m: Main Router initialized
[2025-12-25 19:10:30] [32minfo[39m: Server is running on port 5000
[2025-12-25 19:10:36] [32minfo[39m: User Router initialized
[2025-12-25 19:10:36] [32minfo[39m: Main Router initialized
[2025-12-25 19:10:36] [32minfo[39m: Server is running on port 5000
[2025-12-25 19:10:38] [32minfo[39m: User Router initialized
[2025-12-25 19:10:38] [32minfo[39m: Main Router initialized
[2025-12-25 19:10:38] [32minfo[39m: Server is running on port 5000
[2025-12-25 19:10:41] [32minfo[39m: User Router initialized
[2025-12-25 19:10:41] [32minfo[39m: Main Router initialized
[2025-12-25 19:10:41] [32minfo[39m: Server is running on port 5000
[2025-12-25 19:10:45] [32minfo[39m: User Router initialized
[2025-12-25 19:10:45] [32minfo[39m: Main Router initialized
[2025-12-25 19:10:45] [32minfo[39m: Server is running on port 5000
[2025-12-25 19:10:46] [32minfo[39m: User Router initialized
[2025-12-25 19:10:46] [32minfo[39m: Main Router initialized
[2025-12-25 19:10:46] [32minfo[39m: Server is running on port 5000
[2025-12-25 19:11:40] [32minfo[39m: User Router initialized
[2025-12-25 19:11:40] [32minfo[39m: Main Router initialized
[2025-12-25 19:11:40] [32minfo[39m: Server is running on port 5000
[2025-12-25 19:11:42] [32minfo[39m: User Router initialized
[2025-12-25 19:11:42] [32minfo[39m: Main Router initialized
[2025-12-25 19:11:42] [32minfo[39m: Server is running on port 5000
[2025-12-25 19:11:44] [32minfo[39m: User Router initialized
[2025-12-25 19:11:44] [32minfo[39m: Main Router initialized
[2025-12-25 19:11:44] [32minfo[39m: Server is running on port 5000
[2025-12-25 19:11:50] [32minfo[39m: User Router initialized
[2025-12-25 19:11:50] [32minfo[39m: Main Router initialized
[2025-12-25 19:11:50] [32minfo[39m: Server is running on port 5000
[2025-12-25 19:11:53] [32minfo[39m: User Router initialized
[2025-12-25 19:11:53] [32minfo[39m: Main Router initialized
[2025-12-25 19:11:53] [32minfo[39m: Server is running on port 5000
[2025-12-25 19:11:54] [32minfo[39m: User Router initialized
[2025-12-25 19:11:54] [32minfo[39m: Main Router initialized
[2025-12-25 19:11:54] [32minfo[39m: Server is running on port 5000
[2025-12-25 19:11:58] [32minfo[39m: User Router initialized
[2025-12-25 19:11:58] [32minfo[39m: Main Router initialized
[2025-12-25 19:11:58] [32minfo[39m: Server is running on port 5000
[2025-12-25 19:11:59] [32minfo[39m: User Router initialized
[2025-12-25 19:11:59] [32minfo[39m: Main Router initialized
[2025-12-25 19:11:59] [32minfo[39m: Server is running on port 5000
[2025-12-25 19:12:03] [32minfo[39m: User Router initialized
[2025-12-25 19:12:03] [32minfo[39m: Main Router initialized
[2025-12-25 19:12:03] [32minfo[39m: Server is running on port 5000
[2025-12-25 19:12:05] [32minfo[39m: User Router initialized
[2025-12-25 19:12:05] [32minfo[39m: Main Router initialized
[2025-12-25 19:12:05] [32minfo[39m: Server is running on port 5000
[2025-12-25 19:12:06] [32minfo[39m: User Router initialized
[2025-12-25 19:12:06] [32minfo[39m: Main Router initialized
[2025-12-25 19:12:06] [32minfo[39m: Server is running on port 5000
[2025-12-25 19:12:10] [32minfo[39m: User Router initialized
[2025-12-25 19:12:10] [32minfo[39m: Main Router initialized
[2025-12-25 19:12:10] [32minfo[39m: Server is running on port 5000
[2025-12-25 19:12:43] [31merror[39m: TypeError: Cannot read properties of undefined (reading 'getPublicKey')
    at verify (E:\local-ease\api-gateway\src\api\auth\verifyToken.ts:21:37)
    at Layer.handleRequest (E:\local-ease\api-gateway\node_modules\router\lib\layer.js:152:17)
    at next (E:\local-ease\api-gateway\node_modules\router\lib\route.js:157:13)
    at Route.dispatch (E:\local-ease\api-gateway\node_modules\router\lib\route.js:117:3)
    at handle (E:\local-ease\api-gateway\node_modules\router\index.js:435:11)
    at Layer.handleRequest (E:\local-ease\api-gateway\node_modules\router\lib\layer.js:152:17)
    at E:\local-ease\api-gateway\node_modules\router\index.js:295:15
    at processParams (E:\local-ease\api-gateway\node_modules\router\index.js:582:12)
    at next (E:\local-ease\api-gateway\node_modules\router\index.js:291:5)
    at Function.handle (E:\local-ease\api-gateway\node_modules\router\index.js:186:3)
[2025-12-25 19:13:15] [32minfo[39m: User Router initialized
[2025-12-25 19:13:15] [32minfo[39m: Main Router initialized
[2025-12-25 19:13:15] [32minfo[39m: Server is running on port 5000
[2025-12-25 19:13:18] [32minfo[39m: User Router initialized
[2025-12-25 19:13:18] [32minfo[39m: Main Router initialized
[2025-12-25 19:13:18] [32minfo[39m: Server is running on port 5000
[2025-12-25 19:13:19] [32minfo[39m: User Router initialized
[2025-12-25 19:13:19] [32minfo[39m: Main Router initialized
[2025-12-25 19:13:19] [32minfo[39m: Server is running on port 5000
[2025-12-25 19:13:24] [32minfo[39m: User Router initialized
[2025-12-25 19:13:24] [32minfo[39m: Main Router initialized
[2025-12-25 19:13:24] [32minfo[39m: Server is running on port 5000
[2025-12-25 19:15:02] [32minfo[39m: User Router initialized
[2025-12-25 19:15:02] [32minfo[39m: Main Router initialized
[2025-12-25 19:15:02] [32minfo[39m: Server is running on port 5000
[2025-12-25 19:15:03] [32minfo[39m: User Router initialized
[2025-12-25 19:15:03] [32minfo[39m: Main Router initialized
[2025-12-25 19:15:03] [32minfo[39m: Server is running on port 5000
[2025-12-25 19:15:19] [32minfo[39m: User Router initialized
[2025-12-25 19:15:19] [32minfo[39m: Main Router initialized
[2025-12-25 19:15:19] [32minfo[39m: Server is running on port 5000
[2025-12-25 19:15:31] [32minfo[39m: User Router initialized
[2025-12-25 19:15:31] [32minfo[39m: Main Router initialized
[2025-12-25 19:15:31] [32minfo[39m: Server is running on port 5000
[2025-12-25 19:15:35] [32minfo[39m: User Router initialized
[2025-12-25 19:15:35] [32minfo[39m: Main Router initialized
[2025-12-25 19:15:35] [32minfo[39m: Server is running on port 5000
[2025-12-25 19:15:41] [32minfo[39m: User Router initialized
[2025-12-25 19:15:41] [32minfo[39m: Main Router initialized
[2025-12-25 19:15:41] [32minfo[39m: Server is running on port 5000
[2025-12-25 19:15:44] [32minfo[39m: User Router initialized
[2025-12-25 19:15:44] [32minfo[39m: Main Router initialized
[2025-12-25 19:15:44] [32minfo[39m: Server is running on port 5000
[2025-12-25 19:15:50] [32minfo[39m: User Router initialized
[2025-12-25 19:15:50] [32minfo[39m: Main Router initialized
[2025-12-25 19:15:50] [32minfo[39m: Server is running on port 5000
[2025-12-25 19:16:37] [32minfo[39m: User Router initialized
[2025-12-25 19:16:37] [32minfo[39m: Main Router initialized
[2025-12-25 19:16:37] [32minfo[39m: Server is running on port 5000
[2025-12-25 19:16:48] [32minfo[39m: User Router initialized
[2025-12-25 19:16:48] [32minfo[39m: Main Router initialized
[2025-12-25 19:16:48] [32minfo[39m: Server is running on port 5000
[2025-12-25 19:16:50] [32minfo[39m: User Router initialized
[2025-12-25 19:16:50] [32minfo[39m: Main Router initialized
[2025-12-25 19:16:50] [32minfo[39m: Server is running on port 5000
[2025-12-25 19:16:57] [31merror[39m: TypeError: Cannot read properties of undefined (reading 'getPublicKey')
    at verify (E:\local-ease\api-gateway\src\api\auth\verifyToken.ts:18:37)
    at Layer.handleRequest (E:\local-ease\api-gateway\node_modules\router\lib\layer.js:152:17)
    at next (E:\local-ease\api-gateway\node_modules\router\lib\route.js:157:13)
    at Route.dispatch (E:\local-ease\api-gateway\node_modules\router\lib\route.js:117:3)
    at handle (E:\local-ease\api-gateway\node_modules\router\index.js:435:11)
    at Layer.handleRequest (E:\local-ease\api-gateway\node_modules\router\lib\layer.js:152:17)
    at E:\local-ease\api-gateway\node_modules\router\index.js:295:15
    at processParams (E:\local-ease\api-gateway\node_modules\router\index.js:582:12)
    at next (E:\local-ease\api-gateway\node_modules\router\index.js:291:5)
    at Function.handle (E:\local-ease\api-gateway\node_modules\router\index.js:186:3)
[2025-12-25 19:16:58] [31merror[39m: TypeError: Cannot read properties of undefined (reading 'getPublicKey')
    at verify (E:\local-ease\api-gateway\src\api\auth\verifyToken.ts:18:37)
    at Layer.handleRequest (E:\local-ease\api-gateway\node_modules\router\lib\layer.js:152:17)
    at next (E:\local-ease\api-gateway\node_modules\router\lib\route.js:157:13)
    at Route.dispatch (E:\local-ease\api-gateway\node_modules\router\lib\route.js:117:3)
    at handle (E:\local-ease\api-gateway\node_modules\router\index.js:435:11)
    at Layer.handleRequest (E:\local-ease\api-gateway\node_modules\router\lib\layer.js:152:17)
    at E:\local-ease\api-gateway\node_modules\router\index.js:295:15
    at processParams (E:\local-ease\api-gateway\node_modules\router\index.js:582:12)
    at next (E:\local-ease\api-gateway\node_modules\router\index.js:291:5)
    at Function.handle (E:\local-ease\api-gateway\node_modules\router\index.js:186:3)
[2025-12-25 19:17:05] [32minfo[39m: User Router initialized
[2025-12-25 19:17:05] [32minfo[39m: Main Router initialized
[2025-12-25 19:17:05] [32minfo[39m: Server is running on port 5000
[2025-12-25 19:17:10] [32minfo[39m: User Router initialized
[2025-12-25 19:17:10] [32minfo[39m: Main Router initialized
[2025-12-25 19:17:10] [32minfo[39m: Server is running on port 5000
[2025-12-25 19:17:12] [32minfo[39m: User Router initialized
[2025-12-25 19:17:12] [32minfo[39m: Main Router initialized
[2025-12-25 19:17:12] [32minfo[39m: Server is running on port 5000
[2025-12-25 19:17:14] [32minfo[39m: User Router initialized
[2025-12-25 19:17:14] [32minfo[39m: Main Router initialized
[2025-12-25 19:17:14] [32minfo[39m: Server is running on port 5000
[2025-12-25 19:17:17] [32minfo[39m: User Router initialized
[2025-12-25 19:17:17] [32minfo[39m: Main Router initialized
[2025-12-25 19:17:17] [32minfo[39m: Server is running on port 5000
[2025-12-25 19:17:19] [32minfo[39m: User Router initialized
[2025-12-25 19:17:19] [32minfo[39m: Main Router initialized
[2025-12-25 19:17:19] [32minfo[39m: Server is running on port 5000
[2025-12-25 19:17:23] [32minfo[39m: User Router initialized
[2025-12-25 19:17:23] [32minfo[39m: Main Router initialized
[2025-12-25 19:17:23] [32minfo[39m: Server is running on port 5000
[2025-12-25 19:17:29] [31merror[39m: TypeError: Cannot read properties of undefined (reading 'getPublicKey')
    at verify (E:\local-ease\api-gateway\src\api\auth\verifyToken.ts:20:37)
    at Layer.handleRequest (E:\local-ease\api-gateway\node_modules\router\lib\layer.js:152:17)
    at next (E:\local-ease\api-gateway\node_modules\router\lib\route.js:157:13)
    at Route.dispatch (E:\local-ease\api-gateway\node_modules\router\lib\route.js:117:3)
    at handle (E:\local-ease\api-gateway\node_modules\router\index.js:435:11)
    at Layer.handleRequest (E:\local-ease\api-gateway\node_modules\router\lib\layer.js:152:17)
    at E:\local-ease\api-gateway\node_modules\router\index.js:295:15
    at processParams (E:\local-ease\api-gateway\node_modules\router\index.js:582:12)
    at next (E:\local-ease\api-gateway\node_modules\router\index.js:291:5)
    at Function.handle (E:\local-ease\api-gateway\node_modules\router\index.js:186:3)
[2025-12-25 19:17:55] [32minfo[39m: User Router initialized
[2025-12-25 19:17:55] [32minfo[39m: Main Router initialized
[2025-12-25 19:17:55] [32minfo[39m: Server is running on port 5000
[2025-12-25 19:17:56] [32minfo[39m: User Router initialized
[2025-12-25 19:17:56] [32minfo[39m: Main Router initialized
[2025-12-25 19:17:56] [32minfo[39m: Server is running on port 5000
[2025-12-25 19:17:59] [32minfo[39m: User Router initialized
[2025-12-25 19:17:59] [32minfo[39m: Main Router initialized
[2025-12-25 19:17:59] [32minfo[39m: Server is running on port 5000
[2025-12-25 19:18:24] [32minfo[39m: User Router initialized
[2025-12-25 19:18:25] [32minfo[39m: Main Router initialized
[2025-12-25 19:18:25] [32minfo[39m: Server is running on port 5000
[2025-12-25 19:18:30] [32minfo[39m: User Router initialized
[2025-12-25 19:18:30] [32minfo[39m: Main Router initialized
[2025-12-25 19:18:30] [32minfo[39m: Server is running on port 5000
[2025-12-25 19:18:31] [32minfo[39m: User Router initialized
[2025-12-25 19:18:31] [32minfo[39m: Main Router initialized
[2025-12-25 19:18:31] [32minfo[39m: Server is running on port 5000
[2025-12-25 19:18:35] [31merror[39m: TypeError: Cannot read properties of undefined (reading 'getPublicKey')
    at verify (E:\local-ease\api-gateway\src\api\auth\verifyToken.ts:21:37)
    at Layer.handleRequest (E:\local-ease\api-gateway\node_modules\router\lib\layer.js:152:17)
    at next (E:\local-ease\api-gateway\node_modules\router\lib\route.js:157:13)
    at Route.dispatch (E:\local-ease\api-gateway\node_modules\router\lib\route.js:117:3)
    at handle (E:\local-ease\api-gateway\node_modules\router\index.js:435:11)
    at Layer.handleRequest (E:\local-ease\api-gateway\node_modules\router\lib\layer.js:152:17)
    at E:\local-ease\api-gateway\node_modules\router\index.js:295:15
    at processParams (E:\local-ease\api-gateway\node_modules\router\index.js:582:12)
    at next (E:\local-ease\api-gateway\node_modules\router\index.js:291:5)
    at Function.handle (E:\local-ease\api-gateway\node_modules\router\index.js:186:3)
[2025-12-25 19:19:23] [32minfo[39m: User Router initialized
[2025-12-25 19:19:23] [32minfo[39m: Main Router initialized
[2025-12-25 19:19:23] [32minfo[39m: Server is running on port 5000
[2025-12-25 19:19:27] [32minfo[39m: User Router initialized
[2025-12-25 19:19:27] [32minfo[39m: Main Router initialized
[2025-12-25 19:19:27] [32minfo[39m: Server is running on port 5000
[2025-12-25 19:19:32] [31merror[39m: TypeError: Cannot read properties of undefined (reading 'getPublicKey')
    at verify (E:\local-ease\api-gateway\src\api\auth\verifyToken.ts:23:37)
    at Layer.handleRequest (E:\local-ease\api-gateway\node_modules\router\lib\layer.js:152:17)
    at next (E:\local-ease\api-gateway\node_modules\router\lib\route.js:157:13)
    at Route.dispatch (E:\local-ease\api-gateway\node_modules\router\lib\route.js:117:3)
    at handle (E:\local-ease\api-gateway\node_modules\router\index.js:435:11)
    at Layer.handleRequest (E:\local-ease\api-gateway\node_modules\router\lib\layer.js:152:17)
    at E:\local-ease\api-gateway\node_modules\router\index.js:295:15
    at processParams (E:\local-ease\api-gateway\node_modules\router\index.js:582:12)
    at next (E:\local-ease\api-gateway\node_modules\router\index.js:291:5)
    at Function.handle (E:\local-ease\api-gateway\node_modules\router\index.js:186:3)
[2025-12-25 19:20:41] [32minfo[39m: User Router initialized
[2025-12-25 19:20:41] [32minfo[39m: Main Router initialized
[2025-12-25 19:20:41] [32minfo[39m: Server is running on port 5000
[2025-12-25 19:21:54] [32minfo[39m: User Router initialized
[2025-12-25 19:21:54] [32minfo[39m: Main Router initialized
[2025-12-25 19:21:54] [32minfo[39m: Server is running on port 5000
[2025-12-25 19:21:57] [32minfo[39m: User Router initialized
[2025-12-25 19:21:57] [32minfo[39m: Main Router initialized
[2025-12-25 19:21:57] [32minfo[39m: Server is running on port 5000
[2025-12-25 19:22:30] [32minfo[39m: User Router initialized
[2025-12-25 19:22:30] [32minfo[39m: Main Router initialized
[2025-12-25 19:22:30] [32minfo[39m: Server is running on port 5000
[2025-12-25 19:22:35] [32minfo[39m: User Router initialized
[2025-12-25 19:22:35] [32minfo[39m: Main Router initialized
[2025-12-25 19:22:35] [32minfo[39m: Server is running on port 5000
[2025-12-25 19:38:10] [32minfo[39m: User Router initialized
[2025-12-25 19:38:10] [32minfo[39m: Main Router initialized
[2025-12-25 19:38:10] [32minfo[39m: Server is running on port 5000
[2025-12-25 23:03:34] [32minfo[39m: User Router initialized
[2025-12-25 23:03:34] [32minfo[39m: Main Router initialized
[2025-12-25 23:03:34] [32minfo[39m: Server is running on port 5000
[2025-12-25 23:03:35] [32minfo[39m: User Router initialized
[2025-12-25 23:03:35] [32minfo[39m: Main Router initialized
[2025-12-25 23:03:35] [32minfo[39m: Server is running on port 5000
[2025-12-25 23:03:37] [32minfo[39m: User Router initialized
[2025-12-25 23:03:37] [32minfo[39m: Main Router initialized
[2025-12-25 23:03:37] [32minfo[39m: Server is running on port 5000
[2025-12-25 23:03:41] [32minfo[39m: User Router initialized
[2025-12-25 23:03:41] [32minfo[39m: Main Router initialized
[2025-12-25 23:03:41] [32minfo[39m: Server is running on port 5000
[2025-12-25 23:03:43] [32minfo[39m: User Router initialized
[2025-12-25 23:03:43] [32minfo[39m: Main Router initialized
[2025-12-25 23:03:43] [32minfo[39m: Server is running on port 5000
[2025-12-25 23:04:20] [32minfo[39m: User Router initialized
[2025-12-25 23:04:20] [32minfo[39m: Main Router initialized
[2025-12-25 23:04:20] [32minfo[39m: Server is running on port 5000
[2025-12-25 23:04:23] [32minfo[39m: User Router initialized
[2025-12-25 23:04:23] [32minfo[39m: Main Router initialized
[2025-12-25 23:04:23] [32minfo[39m: Server is running on port 5000
[2025-12-25 23:17:15] [32minfo[39m: User Router initialized
[2025-12-25 23:17:15] [32minfo[39m: Main Router initialized
[2025-12-25 23:17:15] [32minfo[39m: Server is running on port 5000
[2025-12-25 23:35:43] [32minfo[39m: User Router initialized
[2025-12-25 23:35:43] [32minfo[39m: Main Router initialized
[2025-12-25 23:35:43] [32minfo[39m: Server is running on port 5000
[2025-12-25 23:36:20] [32minfo[39m: User Router initialized
[2025-12-25 23:36:20] [32minfo[39m: Main Router initialized
[2025-12-25 23:36:20] [32minfo[39m: Server is running on port 5000
[2025-12-25 23:36:31] [32minfo[39m: User Router initialized
[2025-12-25 23:36:31] [32minfo[39m: Main Router initialized
[2025-12-25 23:36:31] [32minfo[39m: Server is running on port 5000
[2025-12-25 23:36:33] [32minfo[39m: User Router initialized
[2025-12-25 23:36:33] [32minfo[39m: Main Router initialized
[2025-12-25 23:36:33] [32minfo[39m: Server is running on port 5000
[2025-12-25 23:36:35] [32minfo[39m: User Router initialized
[2025-12-25 23:36:35] [32minfo[39m: Main Router initialized
[2025-12-25 23:36:35] [32minfo[39m: Server is running on port 5000
[2025-12-25 23:36:56] [32minfo[39m: User Router initialized
[2025-12-25 23:36:56] [32minfo[39m: Main Router initialized
[2025-12-25 23:36:56] [32minfo[39m: Server is running on port 5000
[2025-12-25 23:37:02] [32minfo[39m: User Router initialized
[2025-12-25 23:37:02] [32minfo[39m: Main Router initialized
[2025-12-25 23:37:02] [32minfo[39m: Server is running on port 5000
[2025-12-25 23:37:15] [32minfo[39m: User Router initialized
[2025-12-25 23:37:15] [32minfo[39m: Main Router initialized
[2025-12-25 23:37:15] [32minfo[39m: Server is running on port 5000
[2025-12-25 23:38:10] [32minfo[39m: User Router initialized
[2025-12-25 23:38:10] [32minfo[39m: Main Router initialized
[2025-12-25 23:38:10] [32minfo[39m: Server is running on port 5000
[2025-12-25 23:38:14] [32minfo[39m: User Router initialized
[2025-12-25 23:38:14] [32minfo[39m: Main Router initialized
[2025-12-25 23:38:14] [32minfo[39m: Server is running on port 5000
[2025-12-25 23:38:20] [32minfo[39m: User Router initialized
[2025-12-25 23:38:20] [32minfo[39m: Main Router initialized
[2025-12-25 23:38:20] [32minfo[39m: Server is running on port 5000
[2025-12-25 23:38:37] [32minfo[39m: User Router initialized
[2025-12-25 23:38:37] [32minfo[39m: Main Router initialized
[2025-12-25 23:38:37] [32minfo[39m: Server is running on port 5000
[2025-12-25 23:45:09] [32minfo[39m: User Router initialized
[2025-12-25 23:45:09] [32minfo[39m: Main Router initialized
[2025-12-25 23:45:09] [32minfo[39m: Server is running on port 5000
[2025-12-25 23:46:46] [32minfo[39m: User Router initialized
[2025-12-25 23:46:46] [32minfo[39m: Main Router initialized
[2025-12-25 23:46:46] [32minfo[39m: Server is running on port 5000
[2025-12-25 23:46:57] [32minfo[39m: User Router initialized
[2025-12-25 23:46:57] [32minfo[39m: Main Router initialized
[2025-12-25 23:46:57] [32minfo[39m: Server is running on port 5000
[2025-12-25 23:47:15] [32minfo[39m: User Router initialized
[2025-12-25 23:47:15] [32minfo[39m: Main Router initialized
[2025-12-25 23:47:15] [32minfo[39m: Server is running on port 5000
[2025-12-25 23:47:24] [32minfo[39m: User Router initialized
[2025-12-25 23:47:24] [32minfo[39m: Main Router initialized
[2025-12-25 23:47:24] [32minfo[39m: Server is running on port 5000
[2025-12-25 23:47:28] [32minfo[39m: User Router initialized
[2025-12-25 23:47:28] [32minfo[39m: Main Router initialized
[2025-12-25 23:47:28] [32minfo[39m: Server is running on port 5000
[2025-12-25 23:47:29] [32minfo[39m: User Router initialized
[2025-12-25 23:47:29] [32minfo[39m: Main Router initialized
[2025-12-25 23:47:29] [32minfo[39m: Server is running on port 5000
[2025-12-25 23:47:33] [32minfo[39m: User Router initialized
[2025-12-25 23:47:33] [32minfo[39m: Main Router initialized
[2025-12-25 23:47:33] [32minfo[39m: Server is running on port 5000
[2025-12-25 23:47:36] [32minfo[39m: User Router initialized
[2025-12-25 23:47:36] [32minfo[39m: Main Router initialized
[2025-12-25 23:47:36] [32minfo[39m: Server is running on port 5000
[2025-12-25 23:49:18] [32minfo[39m: User Router initialized
[2025-12-25 23:49:18] [32minfo[39m: Main Router initialized
[2025-12-25 23:49:18] [32minfo[39m: Server is running on port 5000
[2025-12-25 23:49:36] [32minfo[39m: User Router initialized
[2025-12-25 23:49:36] [32minfo[39m: Main Router initialized
[2025-12-25 23:49:36] [32minfo[39m: Server is running on port 5000
[2025-12-25 23:49:38] [32minfo[39m: User Router initialized
[2025-12-25 23:49:38] [32minfo[39m: Main Router initialized
[2025-12-25 23:49:38] [32minfo[39m: Server is running on port 5000
[2025-12-25 23:50:28] [32minfo[39m: User Router initialized
[2025-12-25 23:50:28] [32minfo[39m: Main Router initialized
[2025-12-25 23:50:28] [32minfo[39m: Server is running on port 5000
[2025-12-25 23:50:31] [32minfo[39m: User Router initialized
[2025-12-25 23:50:31] [32minfo[39m: Main Router initialized
[2025-12-25 23:50:31] [32minfo[39m: Server is running on port 5000
[2025-12-25 23:51:01] [32minfo[39m: User Router initialized
[2025-12-25 23:51:01] [32minfo[39m: Main Router initialized
[2025-12-25 23:51:01] [32minfo[39m: Server is running on port 5000
