[2025-12-25 19:12:43] [31merror[39m: TypeError: Cannot read properties of undefined (reading 'getPublicKey')
    at verify (E:\local-ease\api-gateway\src\api\auth\verifyToken.ts:21:37)
    at Layer.handleRequest (E:\local-ease\api-gateway\node_modules\router\lib\layer.js:152:17)
    at next (E:\local-ease\api-gateway\node_modules\router\lib\route.js:157:13)
    at Route.dispatch (E:\local-ease\api-gateway\node_modules\router\lib\route.js:117:3)
    at handle (E:\local-ease\api-gateway\node_modules\router\index.js:435:11)
    at Layer.handleRequest (E:\local-ease\api-gateway\node_modules\router\lib\layer.js:152:17)
    at E:\local-ease\api-gateway\node_modules\router\index.js:295:15
    at processParams (E:\local-ease\api-gateway\node_modules\router\index.js:582:12)
    at next (E:\local-ease\api-gateway\node_modules\router\index.js:291:5)
    at Function.handle (E:\local-ease\api-gateway\node_modules\router\index.js:186:3)
[2025-12-25 19:16:57] [31merror[39m: TypeError: Cannot read properties of undefined (reading 'getPublicKey')
    at verify (E:\local-ease\api-gateway\src\api\auth\verifyToken.ts:18:37)
    at Layer.handleRequest (E:\local-ease\api-gateway\node_modules\router\lib\layer.js:152:17)
    at next (E:\local-ease\api-gateway\node_modules\router\lib\route.js:157:13)
    at Route.dispatch (E:\local-ease\api-gateway\node_modules\router\lib\route.js:117:3)
    at handle (E:\local-ease\api-gateway\node_modules\router\index.js:435:11)
    at Layer.handleRequest (E:\local-ease\api-gateway\node_modules\router\lib\layer.js:152:17)
    at E:\local-ease\api-gateway\node_modules\router\index.js:295:15
    at processParams (E:\local-ease\api-gateway\node_modules\router\index.js:582:12)
    at next (E:\local-ease\api-gateway\node_modules\router\index.js:291:5)
    at Function.handle (E:\local-ease\api-gateway\node_modules\router\index.js:186:3)
[2025-12-25 19:16:58] [31merror[39m: TypeError: Cannot read properties of undefined (reading 'getPublicKey')
    at verify (E:\local-ease\api-gateway\src\api\auth\verifyToken.ts:18:37)
    at Layer.handleRequest (E:\local-ease\api-gateway\node_modules\router\lib\layer.js:152:17)
    at next (E:\local-ease\api-gateway\node_modules\router\lib\route.js:157:13)
    at Route.dispatch (E:\local-ease\api-gateway\node_modules\router\lib\route.js:117:3)
    at handle (E:\local-ease\api-gateway\node_modules\router\index.js:435:11)
    at Layer.handleRequest (E:\local-ease\api-gateway\node_modules\router\lib\layer.js:152:17)
    at E:\local-ease\api-gateway\node_modules\router\index.js:295:15
    at processParams (E:\local-ease\api-gateway\node_modules\router\index.js:582:12)
    at next (E:\local-ease\api-gateway\node_modules\router\index.js:291:5)
    at Function.handle (E:\local-ease\api-gateway\node_modules\router\index.js:186:3)
[2025-12-25 19:17:29] [31merror[39m: TypeError: Cannot read properties of undefined (reading 'getPublicKey')
    at verify (E:\local-ease\api-gateway\src\api\auth\verifyToken.ts:20:37)
    at Layer.handleRequest (E:\local-ease\api-gateway\node_modules\router\lib\layer.js:152:17)
    at next (E:\local-ease\api-gateway\node_modules\router\lib\route.js:157:13)
    at Route.dispatch (E:\local-ease\api-gateway\node_modules\router\lib\route.js:117:3)
    at handle (E:\local-ease\api-gateway\node_modules\router\index.js:435:11)
    at Layer.handleRequest (E:\local-ease\api-gateway\node_modules\router\lib\layer.js:152:17)
    at E:\local-ease\api-gateway\node_modules\router\index.js:295:15
    at processParams (E:\local-ease\api-gateway\node_modules\router\index.js:582:12)
    at next (E:\local-ease\api-gateway\node_modules\router\index.js:291:5)
    at Function.handle (E:\local-ease\api-gateway\node_modules\router\index.js:186:3)
[2025-12-25 19:18:35] [31merror[39m: TypeError: Cannot read properties of undefined (reading 'getPublicKey')
    at verify (E:\local-ease\api-gateway\src\api\auth\verifyToken.ts:21:37)
    at Layer.handleRequest (E:\local-ease\api-gateway\node_modules\router\lib\layer.js:152:17)
    at next (E:\local-ease\api-gateway\node_modules\router\lib\route.js:157:13)
    at Route.dispatch (E:\local-ease\api-gateway\node_modules\router\lib\route.js:117:3)
    at handle (E:\local-ease\api-gateway\node_modules\router\index.js:435:11)
    at Layer.handleRequest (E:\local-ease\api-gateway\node_modules\router\lib\layer.js:152:17)
    at E:\local-ease\api-gateway\node_modules\router\index.js:295:15
    at processParams (E:\local-ease\api-gateway\node_modules\router\index.js:582:12)
    at next (E:\local-ease\api-gateway\node_modules\router\index.js:291:5)
    at Function.handle (E:\local-ease\api-gateway\node_modules\router\index.js:186:3)
[2025-12-25 19:19:32] [31merror[39m: TypeError: Cannot read properties of undefined (reading 'getPublicKey')
    at verify (E:\local-ease\api-gateway\src\api\auth\verifyToken.ts:23:37)
    at Layer.handleRequest (E:\local-ease\api-gateway\node_modules\router\lib\layer.js:152:17)
    at next (E:\local-ease\api-gateway\node_modules\router\lib\route.js:157:13)
    at Route.dispatch (E:\local-ease\api-gateway\node_modules\router\lib\route.js:117:3)
    at handle (E:\local-ease\api-gateway\node_modules\router\index.js:435:11)
    at Layer.handleRequest (E:\local-ease\api-gateway\node_modules\router\lib\layer.js:152:17)
    at E:\local-ease\api-gateway\node_modules\router\index.js:295:15
    at processParams (E:\local-ease\api-gateway\node_modules\router\index.js:582:12)
    at next (E:\local-ease\api-gateway\node_modules\router\index.js:291:5)
    at Function.handle (E:\local-ease\api-gateway\node_modules\router\index.js:186:3)
